c:\users\user\desktop\кр ооп\oop_cw\oop_cw\debug\vc142.pdb
c:\users\user\desktop\кр ооп\oop_cw\oop_cw\debug\.netframework,version=v4.7.2.assemblyattributes.obj
c:\users\user\desktop\кр ооп\oop_cw\oop_cw\debug\transform.obj
c:\users\user\desktop\кр ооп\oop_cw\oop_cw\debug\templatecont.obj
c:\users\user\desktop\кр ооп\oop_cw\oop_cw\debug\swtools.obj
c:\users\user\desktop\кр ооп\oop_cw\oop_cw\debug\specialassignment.obj
c:\users\user\desktop\кр ооп\oop_cw\oop_cw\debug\software.obj
c:\users\user\desktop\кр ооп\oop_cw\oop_cw\debug\os.obj
c:\users\user\desktop\кр ооп\oop_cw\oop_cw\debug\objects.obj
c:\users\user\desktop\кр ооп\oop_cw\oop_cw\debug\myform.obj
c:\users\user\desktop\кр ооп\oop_cw\oop_cw\debug\maincontainer.obj
c:\users\user\desktop\кр ооп\oop_cw\oop_cw\debug\interface.obj
c:\users\user\desktop\кр ооп\oop_cw\oop_cw\debug\generalassignment.obj
c:\users\user\desktop\кр ооп\oop_cw\oop_cw\debug\basic.obj
c:\users\user\desktop\кр ооп\oop_cw\oop_cw\debug\backend.obj
c:\users\user\desktop\кр ооп\oop_cw\oop_cw\debug\applications.obj
c:\users\user\desktop\кр ооп\oop_cw\oop_cw\debug\oopcw.myform.resources
c:\users\user\desktop\кр ооп\oop_cw\oop_cw\debug\oop_cw.vcxproj.generateresource.cache
c:\users\user\desktop\кр ооп\oop_cw\oop_cw\debug\oop_cw.vcxprojassemblyreference.cache
c:\users\user\desktop\кр ооп\oop_cw\debug\oop_cw.pdb
c:\users\user\desktop\кр ооп\oop_cw\oop_cw\debug\oop_cw.tlog\cl.command.1.tlog
c:\users\user\desktop\кр ооп\oop_cw\oop_cw\debug\oop_cw.tlog\cl.read.1.tlog
c:\users\user\desktop\кр ооп\oop_cw\oop_cw\debug\oop_cw.tlog\cl.write.1.tlog
c:\users\user\desktop\кр ооп\oop_cw\oop_cw\debug\oop_cw.tlog\link.16396-cvtres.read.1.tlog
c:\users\user\desktop\кр ооп\oop_cw\oop_cw\debug\oop_cw.tlog\link.16396-cvtres.write.1.tlog
c:\users\user\desktop\кр ооп\oop_cw\oop_cw\debug\oop_cw.tlog\link.16396-rc.read.1.tlog
c:\users\user\desktop\кр ооп\oop_cw\oop_cw\debug\oop_cw.tlog\link.16396-rc.write.1.tlog
c:\users\user\desktop\кр ооп\oop_cw\oop_cw\debug\oop_cw.tlog\link.16396.read.1.tlog
c:\users\user\desktop\кр ооп\oop_cw\oop_cw\debug\oop_cw.tlog\link.16396.write.1.tlog
c:\users\user\desktop\кр ооп\oop_cw\oop_cw\debug\oop_cw.tlog\link.18016-cvtres.read.1.tlog
c:\users\user\desktop\кр ооп\oop_cw\oop_cw\debug\oop_cw.tlog\link.18016-cvtres.write.1.tlog
c:\users\user\desktop\кр ооп\oop_cw\oop_cw\debug\oop_cw.tlog\link.18016-rc.read.1.tlog
c:\users\user\desktop\кр ооп\oop_cw\oop_cw\debug\oop_cw.tlog\link.18016-rc.write.1.tlog
c:\users\user\desktop\кр ооп\oop_cw\oop_cw\debug\oop_cw.tlog\link.18016.read.1.tlog
c:\users\user\desktop\кр ооп\oop_cw\oop_cw\debug\oop_cw.tlog\link.18016.write.1.tlog
c:\users\user\desktop\кр ооп\oop_cw\oop_cw\debug\oop_cw.tlog\link.24156-cvtres.read.1.tlog
c:\users\user\desktop\кр ооп\oop_cw\oop_cw\debug\oop_cw.tlog\link.24156-cvtres.write.1.tlog
c:\users\user\desktop\кр ооп\oop_cw\oop_cw\debug\oop_cw.tlog\link.24156-rc.read.1.tlog
c:\users\user\desktop\кр ооп\oop_cw\oop_cw\debug\oop_cw.tlog\link.24156-rc.write.1.tlog
c:\users\user\desktop\кр ооп\oop_cw\oop_cw\debug\oop_cw.tlog\link.24156.read.1.tlog
c:\users\user\desktop\кр ооп\oop_cw\oop_cw\debug\oop_cw.tlog\link.24156.write.1.tlog
c:\users\user\desktop\кр ооп\oop_cw\oop_cw\debug\oop_cw.tlog\link.30280-cvtres.read.1.tlog
c:\users\user\desktop\кр ооп\oop_cw\oop_cw\debug\oop_cw.tlog\link.30280-cvtres.write.1.tlog
c:\users\user\desktop\кр ооп\oop_cw\oop_cw\debug\oop_cw.tlog\link.30280-rc.read.1.tlog
c:\users\user\desktop\кр ооп\oop_cw\oop_cw\debug\oop_cw.tlog\link.30280-rc.write.1.tlog
c:\users\user\desktop\кр ооп\oop_cw\oop_cw\debug\oop_cw.tlog\link.30280.read.1.tlog
c:\users\user\desktop\кр ооп\oop_cw\oop_cw\debug\oop_cw.tlog\link.30280.write.1.tlog
c:\users\user\desktop\кр ооп\oop_cw\oop_cw\debug\oop_cw.tlog\link.33304-cvtres.read.1.tlog
c:\users\user\desktop\кр ооп\oop_cw\oop_cw\debug\oop_cw.tlog\link.33304-cvtres.write.1.tlog
c:\users\user\desktop\кр ооп\oop_cw\oop_cw\debug\oop_cw.tlog\link.33304-rc.read.1.tlog
c:\users\user\desktop\кр ооп\oop_cw\oop_cw\debug\oop_cw.tlog\link.33304-rc.write.1.tlog
c:\users\user\desktop\кр ооп\oop_cw\oop_cw\debug\oop_cw.tlog\link.33304.read.1.tlog
c:\users\user\desktop\кр ооп\oop_cw\oop_cw\debug\oop_cw.tlog\link.33304.write.1.tlog
c:\users\user\desktop\кр ооп\oop_cw\oop_cw\debug\oop_cw.tlog\link.34676-cvtres.read.1.tlog
c:\users\user\desktop\кр ооп\oop_cw\oop_cw\debug\oop_cw.tlog\link.34676-cvtres.write.1.tlog
c:\users\user\desktop\кр ооп\oop_cw\oop_cw\debug\oop_cw.tlog\link.34676-rc.read.1.tlog
c:\users\user\desktop\кр ооп\oop_cw\oop_cw\debug\oop_cw.tlog\link.34676-rc.write.1.tlog
c:\users\user\desktop\кр ооп\oop_cw\oop_cw\debug\oop_cw.tlog\link.34676.read.1.tlog
c:\users\user\desktop\кр ооп\oop_cw\oop_cw\debug\oop_cw.tlog\link.34676.write.1.tlog
c:\users\user\desktop\кр ооп\oop_cw\oop_cw\debug\oop_cw.tlog\link.command.1.tlog
c:\users\user\desktop\кр ооп\oop_cw\oop_cw\debug\oop_cw.tlog\link.read.1.tlog
c:\users\user\desktop\кр ооп\oop_cw\oop_cw\debug\oop_cw.tlog\link.write.1.tlog
c:\users\user\desktop\кр ооп\oop_cw\oop_cw\debug\oop_cw.tlog\metagen.read.1.tlog
c:\users\user\desktop\кр ооп\oop_cw\oop_cw\debug\oop_cw.tlog\metagen.write.1.tlog
c:\users\user\desktop\кр ооп\oop_cw\oop_cw\debug\oop_cw.tlog\oop_cw.write.1u.tlog
